AUTOCREATE
2021-06-27T12:51:50+0000 : 0|Pimcore\Bundle\AdminBundle\Controller\Admin\LoginController::loginAction|pimcore_admin_login|[]|{"perspective":""}
2021-06-27T12:51:51+0000 : 0|Pimcore\Bundle\AdminBundle\Controller\Admin\SettingsController::displayCustomLogoAction|pimcore_settings_display_custom_logo|[]|{"white":"true"}
2021-06-27T12:51:51+0000 : 0|Pimcore\Bundle\AdminBundle\Controller\Admin\LoginController::loginAction|pimcore_admin_login|[]|{"perspective":""}
2021-06-27T12:51:53+0000 : 2|Pimcore\Bundle\AdminBundle\Controller\Admin\IndexController::indexAction|pimcore_admin_index|[]|{"perspective":""}
2021-06-27T12:51:53+0000 : 2|Pimcore\Bundle\AdminBundle\Controller\Admin\MiscController::adminCssAction|pimcore_admin_misc_admincss|[]|[]
2021-06-27T12:51:54+0000 : 2|Pimcore\Bundle\AdminBundle\Controller\Admin\MiscController::jsonTranslationsSystemAction|pimcore_admin_misc_jsontranslationssystem|[]|{"language":"en"}
2021-06-27T12:51:54+0000 : 2|Pimcore\Bundle\AdminBundle\Controller\Admin\MiscController::availableLanguagesAction|pimcore_admin_misc_availablelanguages|[]|[]
2021-06-27T12:51:54+0000 : 2|Pimcore\Bundle\AdminBundle\Controller\Admin\UserController::getCurrentUserAction|pimcore_admin_user_getcurrentuser|[]|[]
2021-06-27T12:51:54+0000 : 2|Pimcore\Bundle\AdminBundle\Controller\Admin\MiscController::scriptProxyAction|pimcore_admin_misc_scriptproxy|[]|{"scripts":"minified_javascript_core_d327c508d3ac58c..."}
2021-06-27T12:51:54+0000 : 2|Pimcore\Bundle\AdminBundle\Controller\Admin\UserController::getImageAction|pimcore_admin_user_getimage|[]|[]
2021-06-27T12:51:55+0000 : 2|Pimcore\Bundle\AdminBundle\Controller\Admin\SettingsController::displayCustomLogoAction|pimcore_settings_display_custom_logo|[]|[]
2021-06-27T12:51:55+0000 : 2|Pimcore\Bundle\AdminBundle\Controller\Admin\Document\DocumentController::treeGetRootAction|pimcore_admin_document_document_treegetroot|[]|{"id":"1","view":"","elementType":"document"}
2021-06-27T12:51:56+0000 : 2|Pimcore\Bundle\AdminBundle\Controller\Admin\Asset\AssetController::treeGetRootAction|pimcore_admin_asset_treegetroot|[]|{"id":"1","view":"","elementType":"asset"}
2021-06-27T12:51:56+0000 : 2|Pimcore\Bundle\AdminBundle\Controller\Admin\PortalController::dashboardListAction|pimcore_admin_portal_dashboardlist|[]|[]
2021-06-27T12:51:56+0000 : 2|Pimcore\Bundle\AdminBundle\Controller\Admin\DataObject\DataObjectController::treeGetRootAction|pimcore_admin_dataobject_dataobject_treegetroot|[]|{"id":"","view":"","elementType":"object"}
2021-06-27T12:51:56+0000 : 2|Pimcore\Bundle\AdminBundle\Controller\Admin\NotificationController::findLastUnreadAction|pimcore_admin_notification_findlastunread|[]|{"lastUpdate":"1624798315"}
2021-06-27T12:51:56+0000 : 2|Pimcore\Bundle\AdminBundle\Controller\Admin\Document\DocumentController::docTypesGetAction|pimcore_admin_document_document_doctypesget|[]|{"xaction":"read","page":"1","start":"0","limit":"25"}
2021-06-27T12:51:56+0000 : 2|Pimcore\Bundle\AdminBundle\Controller\Admin\DataObject\ClassController::getTreeAction|pimcore_admin_dataobject_class_gettree|[]|{"page":"1","start":"0","limit":"25"}
2021-06-27T12:51:56+0000 : 2|Pimcore\Bundle\AdminBundle\Controller\Admin\SettingsController::getAvailableAdminLanguagesAction|pimcore_admin_settings_getavailableadminlanguages|[]|{"page":"1","start":"0","limit":"25"}
2021-06-27T12:51:56+0000 : 2|Pimcore\Bundle\AdminBundle\Controller\Admin\DataObject\ClassController::getTreeAction|pimcore_admin_dataobject_class_gettree|[]|{"createAllowed":"true","page":"1","start":"0","limit":"25"}
2021-06-27T12:51:56+0000 : 2|Pimcore\Bundle\AdminBundle\Controller\Admin\SettingsController::getAvailableSitesAction|pimcore_admin_settings_getavailablesites|[]|{"page":"1","start":"0","limit":"25"}
2021-06-27T12:51:56+0000 : 2|Pimcore\Bundle\AdminBundle\Controller\Admin\TargetingController::targetGroupListAction|pimcore_admin_targeting_targetgrouplist|[]|{"page":"1","start":"0","limit":"25"}
2021-06-27T12:51:56+0000 : 2|Pimcore\Bundle\AdminBundle\Controller\Reports\CustomReportController::getReportConfigAction|pimcore_admin_reports_customreport_getreportconfig|[]|[]
2021-06-27T12:51:57+0000 : 2|Pimcore\Bundle\AdminBundle\Controller\Admin\DataObject\DataObjectController::treeGetChildsByIdAction|pimcore_admin_dataobject_dataobject_treegetchildsbyid|[]|{"limit":"30","view":"","page":"1","start":"0","node":"1"}
2021-06-27T12:52:01+0000 : 2|Pimcore\Bundle\AdminBundle\Controller\Admin\IndexController::statisticsAction|pimcore_admin_index_statistics|[]|[]
2021-06-27T12:52:25+0000 : 2|Pimcore\Bundle\AdminBundle\Controller\Admin\NotificationController::findLastUnreadAction|pimcore_admin_notification_findlastunread|[]|{"lastUpdate":"1624798316"}
2021-06-27T12:52:55+0000 : 2|Pimcore\Bundle\AdminBundle\Controller\Admin\NotificationController::findLastUnreadAction|pimcore_admin_notification_findlastunread|[]|{"lastUpdate":"1624798345"}
2021-06-27T12:53:25+0000 : 2|Pimcore\Bundle\AdminBundle\Controller\Admin\NotificationController::findLastUnreadAction|pimcore_admin_notification_findlastunread|[]|{"lastUpdate":"1624798375"}
2021-06-27T14:38:23+0000 : 2|Pimcore\Bundle\AdminBundle\Controller\Admin\MiscController::pingAction|pimcore_admin_misc_ping|[]|[]
2021-06-27T14:46:56+0000 : 2|Pimcore\Bundle\AdminBundle\Controller\Admin\MiscController::pingAction|pimcore_admin_misc_ping|[]|[]
2021-06-27T15:09:56+0000 : 2|Pimcore\Bundle\AdminBundle\Controller\Admin\MiscController::pingAction|pimcore_admin_misc_ping|[]|[]
2021-06-28T05:30:59+0000 : 2|Pimcore\Bundle\AdminBundle\Controller\Admin\MiscController::pingAction|pimcore_admin_misc_ping|[]|[]
2021-06-28T05:44:52+0000 : 2|Pimcore\Bundle\AdminBundle\Controller\Admin\MiscController::pingAction|pimcore_admin_misc_ping|[]|[]
2021-06-28T06:07:52+0000 : 2|Pimcore\Bundle\AdminBundle\Controller\Admin\MiscController::pingAction|pimcore_admin_misc_ping|[]|[]
2021-06-28T06:14:46+0000 : 2|Pimcore\Bundle\AdminBundle\Controller\Admin\NotificationController::findLastUnreadAction|pimcore_admin_notification_findlastunread|[]|{"lastUpdate":"1624798405"}
2021-06-28T06:14:55+0000 : 2|Pimcore\Bundle\AdminBundle\Controller\Admin\NotificationController::findLastUnreadAction|pimcore_admin_notification_findlastunread|[]|{"lastUpdate":"1624860888"}
2021-06-28T06:15:25+0000 : 2|Pimcore\Bundle\AdminBundle\Controller\Admin\NotificationController::findLastUnreadAction|pimcore_admin_notification_findlastunread|[]|{"lastUpdate":"1624860896"}
2021-06-28T06:15:55+0000 : 2|Pimcore\Bundle\AdminBundle\Controller\Admin\NotificationController::findLastUnreadAction|pimcore_admin_notification_findlastunread|[]|{"lastUpdate":"1624860926"}
2021-06-28T06:16:25+0000 : 2|Pimcore\Bundle\AdminBundle\Controller\Admin\NotificationController::findLastUnreadAction|pimcore_admin_notification_findlastunread|[]|{"lastUpdate":"1624860956"}
2021-06-28T06:17:25+0000 : 2|Pimcore\Bundle\AdminBundle\Controller\Admin\NotificationController::findLastUnreadAction|pimcore_admin_notification_findlastunread|[]|{"lastUpdate":"1624860986"}
2021-06-28T06:18:56+0000 : 2|Pimcore\Bundle\AdminBundle\Controller\Admin\NotificationController::findLastUnreadAction|pimcore_admin_notification_findlastunread|[]|{"lastUpdate":"1624861046"}
2021-06-28T06:19:25+0000 : 2|Pimcore\Bundle\AdminBundle\Controller\Admin\NotificationController::findLastUnreadAction|pimcore_admin_notification_findlastunread|[]|{"lastUpdate":"1624861136"}
2021-06-28T06:19:55+0000 : 2|Pimcore\Bundle\AdminBundle\Controller\Admin\NotificationController::findLastUnreadAction|pimcore_admin_notification_findlastunread|[]|{"lastUpdate":"1624861166"}
2021-06-28T06:22:25+0000 : 2|Pimcore\Bundle\AdminBundle\Controller\Admin\NotificationController::findLastUnreadAction|pimcore_admin_notification_findlastunread|[]|{"lastUpdate":"1624861196"}
2021-06-28T06:22:27+0000 : 2|Pimcore\Bundle\AdminBundle\Controller\Admin\IndexController::indexAction|pimcore_admin_index|[]|{"perspective":""}
2021-06-28T06:22:27+0000 : 2|Pimcore\Bundle\AdminBundle\Controller\Admin\MiscController::adminCssAction|pimcore_admin_misc_admincss|[]|[]
2021-06-28T06:22:27+0000 : 2|Pimcore\Bundle\AdminBundle\Controller\Admin\MiscController::jsonTranslationsSystemAction|pimcore_admin_misc_jsontranslationssystem|[]|{"language":"en"}
2021-06-28T06:22:28+0000 : 2|Pimcore\Bundle\AdminBundle\Controller\Admin\UserController::getCurrentUserAction|pimcore_admin_user_getcurrentuser|[]|[]
2021-06-28T06:22:28+0000 : 2|Pimcore\Bundle\AdminBundle\Controller\Admin\MiscController::availableLanguagesAction|pimcore_admin_misc_availablelanguages|[]|[]
2021-06-28T06:22:28+0000 : 2|Pimcore\Bundle\AdminBundle\Controller\Admin\MiscController::scriptProxyAction|pimcore_admin_misc_scriptproxy|[]|{"scripts":"minified_javascript_core_d327c508d3ac58c..."}
2021-06-28T06:22:28+0000 : 2|Pimcore\Bundle\AdminBundle\Controller\Admin\UserController::getImageAction|pimcore_admin_user_getimage|[]|[]
2021-06-28T06:22:43+0000 : 2|Pimcore\Bundle\AdminBundle\Controller\Admin\IndexController::indexAction|pimcore_admin_index|[]|{"perspective":""}
2021-06-28T06:22:43+0000 : 2|Pimcore\Bundle\AdminBundle\Controller\Admin\MiscController::adminCssAction|pimcore_admin_misc_admincss|[]|[]
2021-06-28T06:22:44+0000 : 2|Pimcore\Bundle\AdminBundle\Controller\Admin\UserController::getCurrentUserAction|pimcore_admin_user_getcurrentuser|[]|[]
2021-06-28T06:22:44+0000 : 2|Pimcore\Bundle\AdminBundle\Controller\Admin\MiscController::availableLanguagesAction|pimcore_admin_misc_availablelanguages|[]|[]
2021-06-28T06:22:44+0000 : 2|Pimcore\Bundle\AdminBundle\Controller\Admin\MiscController::jsonTranslationsSystemAction|pimcore_admin_misc_jsontranslationssystem|[]|{"language":"en"}
2021-06-28T06:22:44+0000 : 2|Pimcore\Bundle\AdminBundle\Controller\Admin\MiscController::scriptProxyAction|pimcore_admin_misc_scriptproxy|[]|{"scripts":"minified_javascript_core_d327c508d3ac58c..."}
2021-06-28T06:22:44+0000 : 2|Pimcore\Bundle\AdminBundle\Controller\Admin\UserController::getImageAction|pimcore_admin_user_getimage|[]|[]
2021-06-28T06:23:02+0000 : 2|Pimcore\Bundle\AdminBundle\Controller\Admin\IndexController::indexAction|pimcore_admin_index|[]|{"perspective":""}
2021-06-28T06:23:03+0000 : 2|Pimcore\Bundle\AdminBundle\Controller\Admin\MiscController::adminCssAction|pimcore_admin_misc_admincss|[]|[]
2021-06-28T06:23:03+0000 : 2|Pimcore\Bundle\AdminBundle\Controller\Admin\MiscController::jsonTranslationsSystemAction|pimcore_admin_misc_jsontranslationssystem|[]|{"language":"en"}
2021-06-28T06:23:03+0000 : 2|Pimcore\Bundle\AdminBundle\Controller\Admin\UserController::getCurrentUserAction|pimcore_admin_user_getcurrentuser|[]|[]
2021-06-28T06:23:03+0000 : 2|Pimcore\Bundle\AdminBundle\Controller\Admin\MiscController::availableLanguagesAction|pimcore_admin_misc_availablelanguages|[]|[]
2021-06-28T06:23:03+0000 : 2|Pimcore\Bundle\AdminBundle\Controller\Admin\MiscController::scriptProxyAction|pimcore_admin_misc_scriptproxy|[]|{"scripts":"minified_javascript_core_d327c508d3ac58c..."}
2021-06-28T06:23:03+0000 : 2|Pimcore\Bundle\AdminBundle\Controller\Admin\UserController::getImageAction|pimcore_admin_user_getimage|[]|[]
2021-06-28T06:23:05+0000 : 2|Pimcore\Bundle\AdminBundle\Controller\Admin\SettingsController::displayCustomLogoAction|pimcore_settings_display_custom_logo|[]|[]
2021-06-28T06:23:05+0000 : 2|Pimcore\Bundle\AdminBundle\Controller\Admin\Document\DocumentController::treeGetRootAction|pimcore_admin_document_document_treegetroot|[]|{"id":"1","view":"","elementType":"document"}
2021-06-28T06:23:05+0000 : 2|Pimcore\Bundle\AdminBundle\Controller\Admin\Asset\AssetController::treeGetRootAction|pimcore_admin_asset_treegetroot|[]|{"id":"1","view":"","elementType":"asset"}
2021-06-28T06:23:05+0000 : 2|Pimcore\Bundle\AdminBundle\Controller\Admin\PortalController::dashboardListAction|pimcore_admin_portal_dashboardlist|[]|[]
2021-06-28T06:23:05+0000 : 2|Pimcore\Bundle\AdminBundle\Controller\Admin\DataObject\DataObjectController::treeGetRootAction|pimcore_admin_dataobject_dataobject_treegetroot|[]|{"id":"","view":"","elementType":"object"}
2021-06-28T06:23:05+0000 : 2|Pimcore\Bundle\AdminBundle\Controller\Admin\NotificationController::findLastUnreadAction|pimcore_admin_notification_findlastunread|[]|{"lastUpdate":"1624861386"}
2021-06-28T06:23:05+0000 : 2|Pimcore\Bundle\AdminBundle\Controller\Admin\Document\DocumentController::docTypesGetAction|pimcore_admin_document_document_doctypesget|[]|{"xaction":"read","page":"1","start":"0","limit":"25"}
2021-06-28T06:23:05+0000 : 2|Pimcore\Bundle\AdminBundle\Controller\Admin\DataObject\ClassController::getTreeAction|pimcore_admin_dataobject_class_gettree|[]|{"page":"1","start":"0","limit":"25"}
2021-06-28T06:23:05+0000 : 2|Pimcore\Bundle\AdminBundle\Controller\Admin\DataObject\ClassController::getTreeAction|pimcore_admin_dataobject_class_gettree|[]|{"createAllowed":"true","page":"1","start":"0","limit":"25"}
2021-06-28T06:23:05+0000 : 2|Pimcore\Bundle\AdminBundle\Controller\Admin\SettingsController::getAvailableSitesAction|pimcore_admin_settings_getavailablesites|[]|{"page":"1","start":"0","limit":"25"}
2021-06-28T06:23:05+0000 : 2|Pimcore\Bundle\AdminBundle\Controller\Admin\TargetingController::targetGroupListAction|pimcore_admin_targeting_targetgrouplist|[]|{"page":"1","start":"0","limit":"25"}
2021-06-28T06:23:05+0000 : 2|Pimcore\Bundle\AdminBundle\Controller\Admin\SettingsController::getAvailableAdminLanguagesAction|pimcore_admin_settings_getavailableadminlanguages|[]|{"page":"1","start":"0","limit":"25"}
2021-06-28T06:23:06+0000 : 2|Pimcore\Bundle\AdminBundle\Controller\Reports\CustomReportController::getReportConfigAction|pimcore_admin_reports_customreport_getreportconfig|[]|[]
2021-06-28T06:23:06+0000 : 2|Pimcore\Bundle\AdminBundle\Controller\Admin\DataObject\DataObjectController::treeGetChildsByIdAction|pimcore_admin_dataobject_dataobject_treegetchildsbyid|[]|{"limit":"30","view":"","page":"1","start":"0","node":"1"}
2021-06-28T06:23:15+0000 : 2|Pimcore\Bundle\AdminBundle\Controller\ExtensionManager\ExtensionManagerController::getExtensionsAction|pimcore_admin_extensionmanager_extensionmanager_getextensions|[]|{"page":"1","start":"0","limit":"25"}
2021-06-28T06:23:29+0000 : 2|Pimcore\Bundle\PerspectiveEditorBundle\Controller\PerspectiveController::getPerspectiveTreeAction|get-perspective-tree|[]|{"node":"root"}
2021-06-28T06:23:29+0000 : 2|Pimcore\Bundle\PerspectiveEditorBundle\Controller\PerspectiveController::getViewTreeAction|get-view-tree|[]|{"node":"root"}
2021-06-28T06:23:34+0000 : 2|Pimcore\Bundle\AdminBundle\Controller\Admin\TranslationController::addAdminTranslationKeysAction|pimcore_admin_translation_addadmintranslationkeys|[]|{"keys":"[\"modificationStatistic\",\"modifiedDocume..."}
2021-06-28T06:23:34+0000 : 2|Pimcore\Bundle\AdminBundle\Controller\Admin\NotificationController::findLastUnreadAction|pimcore_admin_notification_findlastunread|[]|{"lastUpdate":"1624861386"}
2021-06-28T06:23:52+0000 : 2|Pimcore\Bundle\AdminBundle\Controller\Admin\UserController::treeGetChildsByIdAction|pimcore_admin_user_treegetchildsbyid|[]|{"node":"0"}
2021-06-28T06:25:30+0000 : 2|Pimcore\Bundle\AdminBundle\Controller\Admin\UserController::addAction|pimcore_admin_user_add|[]|{"parentId":"0","type":"userfolder","name":"Administrators","active":"1","rid":"0"}
2021-06-28T06:25:30+0000 : 2|Pimcore\Bundle\AdminBundle\Controller\Admin\UserController::treeGetChildsByIdAction|pimcore_admin_user_treegetchildsbyid|[]|{"node":"0"}
2021-06-28T06:25:32+0000 : 2|Pimcore\Bundle\AdminBundle\Controller\Admin\UserController::updateAction|pimcore_admin_user_update|[]|{"id":"2","data":"{\"parentId\":3}"}
2021-06-28T06:25:34+0000 : 2|Pimcore\Bundle\AdminBundle\Controller\Admin\NotificationController::findLastUnreadAction|pimcore_admin_notification_findlastunread|[]|{"lastUpdate":"1624861416"}
2021-06-28T06:26:04+0000 : 2|Pimcore\Bundle\AdminBundle\Controller\Admin\NotificationController::findLastUnreadAction|pimcore_admin_notification_findlastunread|[]|{"lastUpdate":"1624861536"}
2021-06-28T06:26:34+0000 : 2|Pimcore\Bundle\AdminBundle\Controller\Admin\NotificationController::findLastUnreadAction|pimcore_admin_notification_findlastunread|[]|{"lastUpdate":"1624861566"}
2021-06-28T06:27:27+0000 : 2|Pimcore\Bundle\AdminBundle\Controller\Admin\UserController::addAction|pimcore_admin_user_add|[]|{"parentId":"0","type":"userfolder","name":"GeneralUsers","active":"1","rid":"0"}
2021-06-28T06:27:27+0000 : 2|Pimcore\Bundle\AdminBundle\Controller\Admin\UserController::treeGetChildsByIdAction|pimcore_admin_user_treegetchildsbyid|[]|{"node":"0"}
2021-06-28T06:27:32+0000 : 2|Pimcore\Bundle\AdminBundle\Controller\Admin\UserController::addAction|pimcore_admin_user_add|[]|{"parentId":"4","type":"user","name":"Bob","active":"1","rid":"0"}
2021-06-28T06:27:33+0000 : 2|Pimcore\Bundle\AdminBundle\Controller\Admin\UserController::treeGetChildsByIdAction|pimcore_admin_user_treegetchildsbyid|[]|{"node":"0"}
2021-06-28T06:27:34+0000 : 2|Pimcore\Bundle\AdminBundle\Controller\Admin\NotificationController::findLastUnreadAction|pimcore_admin_notification_findlastunread|[]|{"lastUpdate":"1624861596"}
2021-06-28T06:27:40+0000 : 2|Pimcore\Bundle\AdminBundle\Controller\Admin\UserController::addAction|pimcore_admin_user_add|[]|{"parentId":"4","type":"user","name":"Tom","active":"1","rid":"0"}
2021-06-28T06:27:40+0000 : 2|Pimcore\Bundle\AdminBundle\Controller\Admin\UserController::treeGetChildsByIdAction|pimcore_admin_user_treegetchildsbyid|[]|{"node":"0"}
2021-06-28T06:27:54+0000 : 2|Pimcore\Bundle\AdminBundle\Controller\Admin\UserController::treeGetChildsByIdAction|pimcore_admin_user_treegetchildsbyid|[]|{"node":"4"}
2021-06-28T06:46:05+0000 : 2|Pimcore\Bundle\AdminBundle\Controller\Admin\MiscController::pingAction|pimcore_admin_misc_ping|[]|[]
2021-06-28T07:04:27+0000 : 2|Pimcore\Bundle\AdminBundle\Controller\Admin\NotificationController::findLastUnreadAction|pimcore_admin_notification_findlastunread|[]|{"lastUpdate":"1624861656"}
2021-06-28T07:09:05+0000 : 2|Pimcore\Bundle\AdminBundle\Controller\Admin\MiscController::pingAction|pimcore_admin_misc_ping|[]|[]
2021-06-28T07:32:05+0000 : 2|Pimcore\Bundle\AdminBundle\Controller\Admin\MiscController::pingAction|pimcore_admin_misc_ping|[]|[]
2021-06-28T07:55:06+0000 : 2|Pimcore\Bundle\AdminBundle\Controller\Admin\MiscController::pingAction|pimcore_admin_misc_ping|[]|[]
2021-06-28T07:55:32+0000 : 2|Pimcore\Bundle\AdminBundle\Controller\Admin\NotificationController::findLastUnreadAction|pimcore_admin_notification_findlastunread|[]|{"lastUpdate":"1624863868"}
2021-06-28T07:55:36+0000 : 2|Pimcore\Bundle\AdminBundle\Controller\Admin\NotificationController::findLastUnreadAction|pimcore_admin_notification_findlastunread|[]|{"lastUpdate":"1624866932"}
2021-06-28T08:02:00+0000 : 2|Pimcore\Bundle\AdminBundle\Controller\Admin\UserController::roleTreeGetChildsByIdAction|pimcore_admin_user_roletreegetchildsbyid|[]|{"node":"0"}
2021-06-28T08:02:06+0000 : 2|Pimcore\Bundle\AdminBundle\Controller\Admin\NotificationController::findLastUnreadAction|pimcore_admin_notification_findlastunread|[]|{"lastUpdate":"1624866936"}
2021-06-28T08:02:08+0000 : 2|Pimcore\Bundle\AdminBundle\Controller\Admin\UserController::addAction|pimcore_admin_user_add|[]|{"parentId":"0","type":"role","name":"bobstuff","active":"1","rid":"0"}
2021-06-28T08:02:09+0000 : 2|Pimcore\Bundle\AdminBundle\Controller\Admin\UserController::roleTreeGetChildsByIdAction|pimcore_admin_user_roletreegetchildsbyid|[]|{"node":"0"}
2021-06-28T08:02:17+0000 : 2|Pimcore\Bundle\AdminBundle\Controller\Admin\UserController::addAction|pimcore_admin_user_add|[]|{"parentId":"0","type":"role","name":"tomstuff","active":"1","rid":"0"}
2021-06-28T08:02:18+0000 : 2|Pimcore\Bundle\AdminBundle\Controller\Admin\UserController::roleTreeGetChildsByIdAction|pimcore_admin_user_roletreegetchildsbyid|[]|{"node":"0"}
2021-06-28T08:02:22+0000 : 2|Pimcore\Bundle\AdminBundle\Controller\Admin\UserController::getAction|pimcore_admin_user_get|[]|{"id":"5"}
2021-06-28T08:02:25+0000 : 2|Pimcore\Bundle\AdminBundle\Controller\Admin\UserController::getImageAction|pimcore_admin_user_getimage|[]|{"id":"5"}
2021-06-28T08:02:30+0000 : 2|Pimcore\Bundle\AdminBundle\Controller\Admin\UserController::updateAction|pimcore_admin_user_update|[]|{"id":"5","data":"{\"displayfield-1247-inputEl\":5,\"displayf...","workspaces":"{\"asset\":[],\"object\":[],\"document\":[]}","keyBindings":"{\"save\":\"{\\\"action\\\":\\\"save\\\",\\\"key\\\":83..."}
2021-06-28T08:02:32+0000 : 2|Pimcore\Bundle\AdminBundle\Controller\Admin\UserController::getAction|pimcore_admin_user_get|[]|{"id":"6"}
2021-06-28T08:02:33+0000 : 2|Pimcore\Bundle\AdminBundle\Controller\Admin\UserController::getImageAction|pimcore_admin_user_getimage|[]|{"id":"6"}
2021-06-28T08:02:36+0000 : 2|Pimcore\Bundle\AdminBundle\Controller\Admin\TranslationController::addAdminTranslationKeysAction|pimcore_admin_translation_addadmintranslationkeys|[]|{"keys":"[\"clear_fullpage_cache\",\"English\",\"up\",\"..."}
2021-06-28T08:02:36+0000 : 2|Pimcore\Bundle\AdminBundle\Controller\Admin\NotificationController::findLastUnreadAction|pimcore_admin_notification_findlastunread|[]|{"lastUpdate":"1624867326"}
2021-06-28T08:02:37+0000 : 2|Pimcore\Bundle\AdminBundle\Controller\Admin\UserController::updateAction|pimcore_admin_user_update|[]|{"id":"6","data":"{\"displayfield-1515-inputEl\":6,\"displayf...","workspaces":"{\"asset\":[],\"object\":[],\"document\":[]}","keyBindings":"{\"save\":\"{\\\"action\\\":\\\"save\\\",\\\"key\\\":83..."}
2021-06-28T08:03:21+0000 : 2|Pimcore\Bundle\AdminBundle\Controller\Admin\UserController::roleGetAction|pimcore_admin_user_roleget|[]|{"id":"7"}
2021-06-28T08:03:34+0000 : 2|Pimcore\Bundle\AdminBundle\Controller\Admin\UserController::roleGetAction|pimcore_admin_user_roleget|[]|{"id":"8"}
2021-06-28T08:04:06+0000 : 2|Pimcore\Bundle\AdminBundle\Controller\Admin\NotificationController::findLastUnreadAction|pimcore_admin_notification_findlastunread|[]|{"lastUpdate":"1624867356"}
2021-06-28T08:04:10+0000 : 2|Pimcore\Bundle\AdminBundle\Controller\Admin\UserController::updateAction|pimcore_admin_user_update|[]|{"id":"8","data":"{\"displayfield-1919-inputEl\":8,\"perspect...","workspaces":"{\"asset\":[],\"object\":[],\"document\":[]}"}
2021-06-28T08:04:33+0000 : 2|Pimcore\Bundle\AdminBundle\Controller\Admin\UserController::updateAction|pimcore_admin_user_update|[]|{"id":"7","data":"{\"displayfield-1778-inputEl\":7,\"perspect...","workspaces":"{\"asset\":[],\"object\":[],\"document\":[]}"}
2021-06-28T08:05:32+0000 : 2|Pimcore\Bundle\PerspectiveEditorBundle\Controller\PerspectiveController::updatePerspectivesAction|update-perspective|[]|{"data":"{\"parentId\":null,\"autoRoot\":true,\"id\":\"r..."}
2021-06-28T08:05:48+0000 : 2|Pimcore\Bundle\PerspectiveEditorBundle\Controller\PerspectiveController::updatePerspectivesAction|update-perspective|[]|{"data":"{\"parentId\":null,\"autoRoot\":true,\"id\":\"r..."}
2021-06-28T08:06:02+0000 : 2|Pimcore\Bundle\AdminBundle\Controller\Admin\IndexController::indexAction|pimcore_admin_index|[]|{"perspective":""}
2021-06-28T08:06:02+0000 : 2|Pimcore\Bundle\AdminBundle\Controller\Admin\MiscController::adminCssAction|pimcore_admin_misc_admincss|[]|[]
2021-06-28T08:06:03+0000 : 2|Pimcore\Bundle\AdminBundle\Controller\Admin\MiscController::jsonTranslationsSystemAction|pimcore_admin_misc_jsontranslationssystem|[]|{"language":"en"}
2021-06-28T08:06:03+0000 : 2|Pimcore\Bundle\AdminBundle\Controller\Admin\MiscController::availableLanguagesAction|pimcore_admin_misc_availablelanguages|[]|[]
2021-06-28T08:06:03+0000 : 2|Pimcore\Bundle\AdminBundle\Controller\Admin\UserController::getCurrentUserAction|pimcore_admin_user_getcurrentuser|[]|[]
2021-06-28T08:06:03+0000 : 2|Pimcore\Bundle\AdminBundle\Controller\Admin\MiscController::scriptProxyAction|pimcore_admin_misc_scriptproxy|[]|{"scripts":"minified_javascript_core_d327c508d3ac58c..."}
2021-06-28T08:06:03+0000 : 2|Pimcore\Bundle\AdminBundle\Controller\Admin\UserController::getImageAction|pimcore_admin_user_getimage|[]|[]
2021-06-28T08:06:04+0000 : 2|Pimcore\Bundle\AdminBundle\Controller\Admin\SettingsController::displayCustomLogoAction|pimcore_settings_display_custom_logo|[]|[]
2021-06-28T08:06:04+0000 : 2|Pimcore\Bundle\AdminBundle\Controller\Admin\Document\DocumentController::treeGetRootAction|pimcore_admin_document_document_treegetroot|[]|{"id":"1","view":"","elementType":"document"}
2021-06-28T08:06:04+0000 : 2|Pimcore\Bundle\AdminBundle\Controller\Admin\DataObject\DataObjectController::treeGetRootAction|pimcore_admin_dataobject_dataobject_treegetroot|[]|{"id":"","view":"","elementType":"object"}
2021-06-28T08:06:04+0000 : 2|Pimcore\Bundle\AdminBundle\Controller\Admin\PortalController::dashboardListAction|pimcore_admin_portal_dashboardlist|[]|[]
2021-06-28T08:06:04+0000 : 2|Pimcore\Bundle\AdminBundle\Controller\Admin\Asset\AssetController::treeGetRootAction|pimcore_admin_asset_treegetroot|[]|{"id":"1","view":"","elementType":"asset"}
2021-06-28T08:06:04+0000 : 2|Pimcore\Bundle\AdminBundle\Controller\Admin\NotificationController::findLastUnreadAction|pimcore_admin_notification_findlastunread|[]|{"lastUpdate":"1624867564"}
2021-06-28T08:06:05+0000 : 2|Pimcore\Bundle\AdminBundle\Controller\Admin\Document\DocumentController::docTypesGetAction|pimcore_admin_document_document_doctypesget|[]|{"xaction":"read","page":"1","start":"0","limit":"25"}
2021-06-28T08:06:05+0000 : 2|Pimcore\Bundle\AdminBundle\Controller\Admin\DataObject\ClassController::getTreeAction|pimcore_admin_dataobject_class_gettree|[]|{"createAllowed":"true","page":"1","start":"0","limit":"25"}
2021-06-28T08:06:05+0000 : 2|Pimcore\Bundle\AdminBundle\Controller\Admin\SettingsController::getAvailableAdminLanguagesAction|pimcore_admin_settings_getavailableadminlanguages|[]|{"page":"1","start":"0","limit":"25"}
2021-06-28T08:06:05+0000 : 2|Pimcore\Bundle\AdminBundle\Controller\Admin\DataObject\ClassController::getTreeAction|pimcore_admin_dataobject_class_gettree|[]|{"page":"1","start":"0","limit":"25"}
2021-06-28T08:06:05+0000 : 2|Pimcore\Bundle\AdminBundle\Controller\Admin\SettingsController::getAvailableSitesAction|pimcore_admin_settings_getavailablesites|[]|{"page":"1","start":"0","limit":"25"}
2021-06-28T08:06:05+0000 : 2|Pimcore\Bundle\AdminBundle\Controller\Admin\TargetingController::targetGroupListAction|pimcore_admin_targeting_targetgrouplist|[]|{"page":"1","start":"0","limit":"25"}
2021-06-28T08:06:05+0000 : 2|Pimcore\Bundle\AdminBundle\Controller\Reports\CustomReportController::getReportConfigAction|pimcore_admin_reports_customreport_getreportconfig|[]|[]
2021-06-28T08:06:05+0000 : 2|Pimcore\Bundle\AdminBundle\Controller\Admin\DataObject\DataObjectController::treeGetChildsByIdAction|pimcore_admin_dataobject_dataobject_treegetchildsbyid|[]|{"limit":"30","view":"","page":"1","start":"0","node":"1"}
2021-06-28T08:06:34+0000 : 2|Pimcore\Bundle\AdminBundle\Controller\Admin\TranslationController::addAdminTranslationKeysAction|pimcore_admin_translation_addadmintranslationkeys|[]|{"keys":"[\"MyFirstPerspective\"]"}
2021-06-28T08:29:04+0000 : 2|Pimcore\Bundle\AdminBundle\Controller\Admin\MiscController::pingAction|pimcore_admin_misc_ping|[]|[]
2021-06-29T20:59:31+0000 : 0|Pimcore\Bundle\AdminBundle\Controller\Admin\LoginController::loginAction|pimcore_admin_login|[]|{"perspective":""}
2021-06-29T20:59:32+0000 : 0|Pimcore\Bundle\AdminBundle\Controller\Admin\SettingsController::displayCustomLogoAction|pimcore_settings_display_custom_logo|[]|{"white":"true"}
2021-06-29T20:59:32+0000 : 0|Pimcore\Bundle\AdminBundle\Controller\Admin\LoginController::loginAction|pimcore_admin_login|[]|{"perspective":""}
2021-06-29T20:59:36+0000 : 2|Pimcore\Bundle\AdminBundle\Controller\Admin\IndexController::indexAction|pimcore_admin_index|[]|{"perspective":""}
2021-06-29T20:59:37+0000 : 2|Pimcore\Bundle\AdminBundle\Controller\Admin\MiscController::adminCssAction|pimcore_admin_misc_admincss|[]|[]
2021-06-29T20:59:38+0000 : 2|Pimcore\Bundle\AdminBundle\Controller\Admin\MiscController::jsonTranslationsSystemAction|pimcore_admin_misc_jsontranslationssystem|[]|{"language":"en"}
2021-06-29T20:59:38+0000 : 2|Pimcore\Bundle\AdminBundle\Controller\Admin\UserController::getCurrentUserAction|pimcore_admin_user_getcurrentuser|[]|[]
2021-06-29T20:59:38+0000 : 2|Pimcore\Bundle\AdminBundle\Controller\Admin\MiscController::availableLanguagesAction|pimcore_admin_misc_availablelanguages|[]|[]
2021-06-29T20:59:39+0000 : 2|Pimcore\Bundle\AdminBundle\Controller\Admin\MiscController::scriptProxyAction|pimcore_admin_misc_scriptproxy|[]|{"scripts":"minified_javascript_core_d327c508d3ac58c..."}
2021-06-29T20:59:39+0000 : 2|Pimcore\Bundle\AdminBundle\Controller\Admin\UserController::getImageAction|pimcore_admin_user_getimage|[]|[]
2021-06-29T20:59:41+0000 : 2|Pimcore\Bundle\AdminBundle\Controller\Admin\SettingsController::displayCustomLogoAction|pimcore_settings_display_custom_logo|[]|[]
2021-06-29T20:59:41+0000 : 2|Pimcore\Bundle\AdminBundle\Controller\Admin\Document\DocumentController::treeGetRootAction|pimcore_admin_document_document_treegetroot|[]|{"id":"1","view":"","elementType":"document"}
2021-06-29T20:59:42+0000 : 2|Pimcore\Bundle\AdminBundle\Controller\Admin\DataObject\DataObjectController::treeGetRootAction|pimcore_admin_dataobject_dataobject_treegetroot|[]|{"id":"","view":"","elementType":"object"}
2021-06-29T20:59:42+0000 : 2|Pimcore\Bundle\AdminBundle\Controller\Admin\Asset\AssetController::treeGetRootAction|pimcore_admin_asset_treegetroot|[]|{"id":"1","view":"","elementType":"asset"}
2021-06-29T20:59:42+0000 : 2|Pimcore\Bundle\AdminBundle\Controller\Admin\PortalController::dashboardListAction|pimcore_admin_portal_dashboardlist|[]|[]
2021-06-29T20:59:42+0000 : 2|Pimcore\Bundle\AdminBundle\Controller\Admin\NotificationController::findLastUnreadAction|pimcore_admin_notification_findlastunread|[]|{"lastUpdate":"1625000380"}
2021-06-29T20:59:42+0000 : 2|Pimcore\Bundle\AdminBundle\Controller\Admin\Document\DocumentController::docTypesGetAction|pimcore_admin_document_document_doctypesget|[]|{"xaction":"read","page":"1","start":"0","limit":"25"}
2021-06-29T20:59:42+0000 : 2|Pimcore\Bundle\AdminBundle\Controller\Admin\DataObject\ClassController::getTreeAction|pimcore_admin_dataobject_class_gettree|[]|{"page":"1","start":"0","limit":"25"}
2021-06-29T20:59:42+0000 : 2|Pimcore\Bundle\AdminBundle\Controller\Admin\DataObject\ClassController::getTreeAction|pimcore_admin_dataobject_class_gettree|[]|{"createAllowed":"true","page":"1","start":"0","limit":"25"}
2021-06-29T20:59:42+0000 : 2|Pimcore\Bundle\AdminBundle\Controller\Admin\SettingsController::getAvailableAdminLanguagesAction|pimcore_admin_settings_getavailableadminlanguages|[]|{"page":"1","start":"0","limit":"25"}
2021-06-29T20:59:43+0000 : 2|Pimcore\Bundle\AdminBundle\Controller\Admin\TargetingController::targetGroupListAction|pimcore_admin_targeting_targetgrouplist|[]|{"page":"1","start":"0","limit":"25"}
2021-06-29T20:59:43+0000 : 2|Pimcore\Bundle\AdminBundle\Controller\Admin\SettingsController::getAvailableSitesAction|pimcore_admin_settings_getavailablesites|[]|{"page":"1","start":"0","limit":"25"}
2021-06-29T20:59:43+0000 : 2|Pimcore\Bundle\AdminBundle\Controller\Reports\CustomReportController::getReportConfigAction|pimcore_admin_reports_customreport_getreportconfig|[]|[]
2021-06-29T20:59:43+0000 : 2|Pimcore\Bundle\AdminBundle\Controller\Admin\DataObject\DataObjectController::treeGetChildsByIdAction|pimcore_admin_dataobject_dataobject_treegetchildsbyid|[]|{"limit":"30","view":"","page":"1","start":"0","node":"1"}
2021-06-29T20:59:47+0000 : 2|Pimcore\Bundle\AdminBundle\Controller\Admin\IndexController::statisticsAction|pimcore_admin_index_statistics|[]|[]
2021-06-29T20:59:50+0000 : 2|Pimcore\Bundle\AdminBundle\Controller\Admin\UserController::treeGetChildsByIdAction|pimcore_admin_user_treegetchildsbyid|[]|{"node":"0"}
2021-06-29T20:59:52+0000 : 2|Pimcore\Bundle\AdminBundle\Controller\Admin\UserController::treeGetChildsByIdAction|pimcore_admin_user_treegetchildsbyid|[]|{"node":"4"}
2021-06-29T20:59:53+0000 : 2|Pimcore\Bundle\AdminBundle\Controller\Admin\UserController::treeGetChildsByIdAction|pimcore_admin_user_treegetchildsbyid|[]|{"node":"3"}
2021-06-29T21:28:00+0000 : 0|Pimcore\Bundle\AdminBundle\Controller\Admin\LoginController::loginAction|pimcore_admin_login|[]|{"perspective":""}
2021-06-29T21:28:00+0000 : 0|Pimcore\Bundle\AdminBundle\Controller\Admin\LoginController::loginAction|pimcore_admin_login|[]|{"perspective":""}
2021-06-29T21:28:01+0000 : 0|Pimcore\Bundle\AdminBundle\Controller\Admin\SettingsController::displayCustomLogoAction|pimcore_settings_display_custom_logo|[]|{"white":"true"}
2021-06-29T21:28:03+0000 : 2|Pimcore\Bundle\AdminBundle\Controller\Admin\IndexController::indexAction|pimcore_admin_index|[]|{"perspective":""}
2021-06-29T21:28:04+0000 : 2|Pimcore\Bundle\AdminBundle\Controller\Admin\MiscController::adminCssAction|pimcore_admin_misc_admincss|[]|[]
2021-06-29T21:28:04+0000 : 2|Pimcore\Bundle\AdminBundle\Controller\Admin\UserController::getCurrentUserAction|pimcore_admin_user_getcurrentuser|[]|[]
2021-06-29T21:28:04+0000 : 2|Pimcore\Bundle\AdminBundle\Controller\Admin\MiscController::jsonTranslationsSystemAction|pimcore_admin_misc_jsontranslationssystem|[]|{"language":"en"}
2021-06-29T21:28:04+0000 : 2|Pimcore\Bundle\AdminBundle\Controller\Admin\MiscController::availableLanguagesAction|pimcore_admin_misc_availablelanguages|[]|[]
2021-06-29T21:28:04+0000 : 2|Pimcore\Bundle\AdminBundle\Controller\Admin\MiscController::scriptProxyAction|pimcore_admin_misc_scriptproxy|[]|{"scripts":"minified_javascript_core_d327c508d3ac58c..."}
2021-06-29T21:28:05+0000 : 2|Pimcore\Bundle\AdminBundle\Controller\Admin\UserController::getImageAction|pimcore_admin_user_getimage|[]|[]
2021-06-29T21:28:08+0000 : 2|Pimcore\Bundle\AdminBundle\Controller\Admin\SettingsController::displayCustomLogoAction|pimcore_settings_display_custom_logo|[]|[]
2021-06-29T21:28:08+0000 : 2|Pimcore\Bundle\AdminBundle\Controller\Admin\Document\DocumentController::treeGetRootAction|pimcore_admin_document_document_treegetroot|[]|{"id":"1","view":"","elementType":"document"}
2021-06-29T21:28:08+0000 : 2|Pimcore\Bundle\AdminBundle\Controller\Admin\PortalController::dashboardListAction|pimcore_admin_portal_dashboardlist|[]|[]
2021-06-29T21:28:08+0000 : 2|Pimcore\Bundle\AdminBundle\Controller\Admin\Asset\AssetController::treeGetRootAction|pimcore_admin_asset_treegetroot|[]|{"id":"1","view":"","elementType":"asset"}
2021-06-29T21:28:08+0000 : 2|Pimcore\Bundle\AdminBundle\Controller\Admin\DataObject\DataObjectController::treeGetRootAction|pimcore_admin_dataobject_dataobject_treegetroot|[]|{"id":"","view":"","elementType":"object"}
2021-06-29T21:28:08+0000 : 2|Pimcore\Bundle\AdminBundle\Controller\Admin\NotificationController::findLastUnreadAction|pimcore_admin_notification_findlastunread|[]|{"lastUpdate":"1625002087"}
2021-06-29T21:28:08+0000 : 2|Pimcore\Bundle\AdminBundle\Controller\Admin\Document\DocumentController::docTypesGetAction|pimcore_admin_document_document_doctypesget|[]|{"xaction":"read","page":"1","start":"0","limit":"25"}
2021-06-29T21:28:08+0000 : 2|Pimcore\Bundle\AdminBundle\Controller\Admin\DataObject\ClassController::getTreeAction|pimcore_admin_dataobject_class_gettree|[]|{"page":"1","start":"0","limit":"25"}
2021-06-29T21:28:08+0000 : 2|Pimcore\Bundle\AdminBundle\Controller\Admin\DataObject\ClassController::getTreeAction|pimcore_admin_dataobject_class_gettree|[]|{"createAllowed":"true","page":"1","start":"0","limit":"25"}
2021-06-29T21:28:09+0000 : 2|Pimcore\Bundle\AdminBundle\Controller\Admin\SettingsController::getAvailableAdminLanguagesAction|pimcore_admin_settings_getavailableadminlanguages|[]|{"page":"1","start":"0","limit":"25"}
2021-06-29T21:28:09+0000 : 2|Pimcore\Bundle\AdminBundle\Controller\Admin\SettingsController::getAvailableSitesAction|pimcore_admin_settings_getavailablesites|[]|{"page":"1","start":"0","limit":"25"}
2021-06-29T21:28:09+0000 : 2|Pimcore\Bundle\AdminBundle\Controller\Admin\TargetingController::targetGroupListAction|pimcore_admin_targeting_targetgrouplist|[]|{"page":"1","start":"0","limit":"25"}
2021-06-29T21:28:09+0000 : 2|Pimcore\Bundle\AdminBundle\Controller\Reports\CustomReportController::getReportConfigAction|pimcore_admin_reports_customreport_getreportconfig|[]|[]
2021-06-29T21:28:09+0000 : 2|Pimcore\Bundle\AdminBundle\Controller\Admin\DataObject\DataObjectController::treeGetChildsByIdAction|pimcore_admin_dataobject_dataobject_treegetchildsbyid|[]|{"limit":"30","view":"","page":"1","start":"0","node":"1"}
2021-06-29T21:28:13+0000 : 2|Pimcore\Bundle\AdminBundle\Controller\Admin\UserController::treeGetChildsByIdAction|pimcore_admin_user_treegetchildsbyid|[]|{"node":"0"}
2021-06-29T21:46:11+0000 : 0|Pimcore\Bundle\AdminBundle\Controller\Admin\LoginController::loginAction|pimcore_admin_login|[]|{"perspective":""}
2021-06-29T21:46:11+0000 : 0|Pimcore\Bundle\AdminBundle\Controller\Admin\SettingsController::displayCustomLogoAction|pimcore_settings_display_custom_logo|[]|{"white":"true"}
2021-06-29T21:46:12+0000 : 0|Pimcore\Bundle\AdminBundle\Controller\Admin\LoginController::loginAction|pimcore_admin_login|[]|{"perspective":""}
2021-06-29T21:46:17+0000 : 2|Pimcore\Bundle\AdminBundle\Controller\Admin\IndexController::indexAction|pimcore_admin_index|[]|{"perspective":""}
2021-06-29T21:46:18+0000 : 2|Pimcore\Bundle\AdminBundle\Controller\Admin\MiscController::adminCssAction|pimcore_admin_misc_admincss|[]|[]
2021-06-29T21:46:18+0000 : 2|Pimcore\Bundle\AdminBundle\Controller\Admin\MiscController::jsonTranslationsSystemAction|pimcore_admin_misc_jsontranslationssystem|[]|{"language":"en"}
2021-06-29T21:46:18+0000 : 2|Pimcore\Bundle\AdminBundle\Controller\Admin\MiscController::availableLanguagesAction|pimcore_admin_misc_availablelanguages|[]|[]
2021-06-29T21:46:18+0000 : 2|Pimcore\Bundle\AdminBundle\Controller\Admin\UserController::getCurrentUserAction|pimcore_admin_user_getcurrentuser|[]|[]
2021-06-29T21:46:19+0000 : 2|Pimcore\Bundle\AdminBundle\Controller\Admin\MiscController::scriptProxyAction|pimcore_admin_misc_scriptproxy|[]|{"scripts":"minified_javascript_core_d327c508d3ac58c..."}
2021-06-29T21:46:19+0000 : 2|Pimcore\Bundle\AdminBundle\Controller\Admin\UserController::getImageAction|pimcore_admin_user_getimage|[]|[]
2021-06-29T21:46:22+0000 : 2|Pimcore\Bundle\AdminBundle\Controller\Admin\SettingsController::displayCustomLogoAction|pimcore_settings_display_custom_logo|[]|[]
2021-06-29T21:46:22+0000 : 2|Pimcore\Bundle\AdminBundle\Controller\Admin\Document\DocumentController::treeGetRootAction|pimcore_admin_document_document_treegetroot|[]|{"id":"1","view":"","elementType":"document"}
2021-06-29T21:46:22+0000 : 2|Pimcore\Bundle\AdminBundle\Controller\Admin\DataObject\DataObjectController::treeGetRootAction|pimcore_admin_dataobject_dataobject_treegetroot|[]|{"id":"","view":"","elementType":"object"}
2021-06-29T21:46:22+0000 : 2|Pimcore\Bundle\AdminBundle\Controller\Admin\Asset\AssetController::treeGetRootAction|pimcore_admin_asset_treegetroot|[]|{"id":"1","view":"","elementType":"asset"}
2021-06-29T21:46:22+0000 : 2|Pimcore\Bundle\AdminBundle\Controller\Admin\PortalController::dashboardListAction|pimcore_admin_portal_dashboardlist|[]|[]
2021-06-29T21:46:22+0000 : 2|Pimcore\Bundle\AdminBundle\Controller\Admin\NotificationController::findLastUnreadAction|pimcore_admin_notification_findlastunread|[]|{"lastUpdate":"1625003181"}
2021-06-29T21:46:23+0000 : 2|Pimcore\Bundle\AdminBundle\Controller\Admin\Document\DocumentController::docTypesGetAction|pimcore_admin_document_document_doctypesget|[]|{"xaction":"read","page":"1","start":"0","limit":"25"}
2021-06-29T21:46:23+0000 : 2|Pimcore\Bundle\AdminBundle\Controller\Admin\DataObject\ClassController::getTreeAction|pimcore_admin_dataobject_class_gettree|[]|{"page":"1","start":"0","limit":"25"}
2021-06-29T21:46:23+0000 : 2|Pimcore\Bundle\AdminBundle\Controller\Admin\SettingsController::getAvailableAdminLanguagesAction|pimcore_admin_settings_getavailableadminlanguages|[]|{"page":"1","start":"0","limit":"25"}
2021-06-29T21:46:23+0000 : 2|Pimcore\Bundle\AdminBundle\Controller\Admin\DataObject\ClassController::getTreeAction|pimcore_admin_dataobject_class_gettree|[]|{"createAllowed":"true","page":"1","start":"0","limit":"25"}
2021-06-29T21:46:24+0000 : 2|Pimcore\Bundle\AdminBundle\Controller\Admin\SettingsController::getAvailableSitesAction|pimcore_admin_settings_getavailablesites|[]|{"page":"1","start":"0","limit":"25"}
2021-06-29T21:46:24+0000 : 2|Pimcore\Bundle\AdminBundle\Controller\Admin\TargetingController::targetGroupListAction|pimcore_admin_targeting_targetgrouplist|[]|{"page":"1","start":"0","limit":"25"}
2021-06-29T21:46:25+0000 : 2|Pimcore\Bundle\AdminBundle\Controller\Reports\CustomReportController::getReportConfigAction|pimcore_admin_reports_customreport_getreportconfig|[]|[]
2021-06-29T21:46:25+0000 : 2|Pimcore\Bundle\AdminBundle\Controller\Admin\DataObject\DataObjectController::treeGetChildsByIdAction|pimcore_admin_dataobject_dataobject_treegetchildsbyid|[]|{"limit":"30","view":"","page":"1","start":"0","node":"1"}
2021-06-29T21:46:36+0000 : 2|Pimcore\Bundle\AdminBundle\Controller\ExtensionManager\ExtensionManagerController::getExtensionsAction|pimcore_admin_extensionmanager_extensionmanager_getextensions|[]|{"page":"1","start":"0","limit":"25"}
2021-06-29T21:46:51+0000 : 2|Pimcore\Bundle\AdminBundle\Controller\Admin\NotificationController::findLastUnreadAction|pimcore_admin_notification_findlastunread|[]|{"lastUpdate":"1625003182"}
2021-06-29T21:46:51+0000 : 2|Pimcore\Bundle\AdminBundle\Controller\Admin\UserController::treeGetChildsByIdAction|pimcore_admin_user_treegetchildsbyid|[]|{"node":"0"}
2021-06-29T21:46:53+0000 : 2|Pimcore\Bundle\AdminBundle\Controller\Admin\UserController::treeGetChildsByIdAction|pimcore_admin_user_treegetchildsbyid|[]|{"node":"4"}
2021-06-29T21:46:58+0000 : 2|Pimcore\Bundle\AdminBundle\Controller\Admin\UserController::roleTreeGetChildsByIdAction|pimcore_admin_user_roletreegetchildsbyid|[]|{"node":"0"}
2021-06-29T21:47:21+0000 : 2|Pimcore\Bundle\AdminBundle\Controller\Admin\NotificationController::findLastUnreadAction|pimcore_admin_notification_findlastunread|[]|{"lastUpdate":"1625003211"}
2021-06-29T21:47:33+0000 : 2|Pimcore\Bundle\PerspectiveEditorBundle\Controller\PerspectiveController::getViewTreeAction|get-view-tree|[]|{"node":"root"}
2021-06-29T21:47:33+0000 : 2|Pimcore\Bundle\PerspectiveEditorBundle\Controller\PerspectiveController::getPerspectiveTreeAction|get-perspective-tree|[]|{"node":"root"}
2021-06-29T21:47:51+0000 : 2|Pimcore\Bundle\AdminBundle\Controller\Admin\NotificationController::findLastUnreadAction|pimcore_admin_notification_findlastunread|[]|{"lastUpdate":"1625003241"}
2021-06-29T21:48:21+0000 : 2|Pimcore\Bundle\AdminBundle\Controller\Admin\NotificationController::findLastUnreadAction|pimcore_admin_notification_findlastunread|[]|{"lastUpdate":"1625003271"}
2021-06-29T21:48:51+0000 : 2|Pimcore\Bundle\AdminBundle\Controller\Admin\NotificationController::findLastUnreadAction|pimcore_admin_notification_findlastunread|[]|{"lastUpdate":"1625003301"}
2021-06-29T21:49:21+0000 : 2|Pimcore\Bundle\AdminBundle\Controller\Admin\NotificationController::findLastUnreadAction|pimcore_admin_notification_findlastunread|[]|{"lastUpdate":"1625003331"}
2021-06-29T21:49:51+0000 : 2|Pimcore\Bundle\AdminBundle\Controller\Admin\NotificationController::findLastUnreadAction|pimcore_admin_notification_findlastunread|[]|{"lastUpdate":"1625003361"}
2021-06-29T21:50:21+0000 : 2|Pimcore\Bundle\AdminBundle\Controller\Admin\NotificationController::findLastUnreadAction|pimcore_admin_notification_findlastunread|[]|{"lastUpdate":"1625003391"}
2021-06-29T21:50:51+0000 : 2|Pimcore\Bundle\AdminBundle\Controller\Admin\NotificationController::findLastUnreadAction|pimcore_admin_notification_findlastunread|[]|{"lastUpdate":"1625003421"}
2021-06-29T21:51:21+0000 : 2|Pimcore\Bundle\AdminBundle\Controller\Admin\NotificationController::findLastUnreadAction|pimcore_admin_notification_findlastunread|[]|{"lastUpdate":"1625003451"}
2021-06-29T21:52:51+0000 : 2|Pimcore\Bundle\AdminBundle\Controller\Admin\NotificationController::findLastUnreadAction|pimcore_admin_notification_findlastunread|[]|{"lastUpdate":"1625003481"}
2021-06-29T21:53:21+0000 : 2|Pimcore\Bundle\AdminBundle\Controller\Admin\NotificationController::findLastUnreadAction|pimcore_admin_notification_findlastunread|[]|{"lastUpdate":"1625003571"}
2021-06-29T21:53:51+0000 : 2|Pimcore\Bundle\AdminBundle\Controller\Admin\NotificationController::findLastUnreadAction|pimcore_admin_notification_findlastunread|[]|{"lastUpdate":"1625003601"}
2021-06-29T21:54:21+0000 : 2|Pimcore\Bundle\AdminBundle\Controller\Admin\NotificationController::findLastUnreadAction|pimcore_admin_notification_findlastunread|[]|{"lastUpdate":"1625003631"}
2021-06-29T21:54:51+0000 : 2|Pimcore\Bundle\AdminBundle\Controller\Admin\NotificationController::findLastUnreadAction|pimcore_admin_notification_findlastunread|[]|{"lastUpdate":"1625003661"}
2021-06-29T21:55:21+0000 : 2|Pimcore\Bundle\AdminBundle\Controller\Admin\NotificationController::findLastUnreadAction|pimcore_admin_notification_findlastunread|[]|{"lastUpdate":"1625003691"}
2021-06-29T21:55:51+0000 : 2|Pimcore\Bundle\AdminBundle\Controller\Admin\NotificationController::findLastUnreadAction|pimcore_admin_notification_findlastunread|[]|{"lastUpdate":"1625003721"}
2021-06-29T22:09:22+0000 : 2|Pimcore\Bundle\AdminBundle\Controller\Admin\MiscController::pingAction|pimcore_admin_misc_ping|[]|[]
